<?xml version="1.0" encoding="UTF-8"?>
<coverage generated="1696604832235" clover="3.2.0">
  <project timestamp="1696604832236" name="All files">
    <metrics statements="16" coveredstatements="16" conditionals="17" coveredconditionals="14" methods="5" coveredmethods="5" elements="38" coveredelements="35" complexity="0" loc="16" ncloc="16" packages="4" files="5" classes="5"/>
    <package name="componets.Breadcrumb">
      <metrics statements="3" coveredstatements="3" conditionals="0" coveredconditionals="0" methods="1" coveredmethods="1"/>
      <file name="Breadcrumb.jsx" path="/home/diegosouza/projetos/desafio-frontend-neoway/src/componets/Breadcrumb/Breadcrumb.jsx">
        <metrics statements="3" coveredstatements="3" conditionals="0" coveredconditionals="0" methods="1" coveredmethods="1"/>
        <line num="7" count="7" type="stmt"/>
        <line num="9" count="7" type="stmt"/>
        <line num="17" count="2" type="stmt"/>
      </file>
    </package>
    <package name="componets.Hero">
      <metrics statements="2" coveredstatements="2" conditionals="0" coveredconditionals="0" methods="1" coveredmethods="1"/>
      <file name="Hero.jsx" path="/home/diegosouza/projetos/desafio-frontend-neoway/src/componets/Hero/Hero.jsx">
        <metrics statements="2" coveredstatements="2" conditionals="0" coveredconditionals="0" methods="1" coveredmethods="1"/>
        <line num="13" count="1" type="stmt"/>
        <line num="35" count="1" type="stmt"/>
      </file>
    </package>
    <package name="componets.PostInfo">
      <metrics statements="4" coveredstatements="4" conditionals="10" coveredconditionals="8" methods="1" coveredmethods="1"/>
      <file name="PostInfo.jsx" path="/home/diegosouza/projetos/desafio-frontend-neoway/src/componets/PostInfo/PostInfo.jsx">
        <metrics statements="4" coveredstatements="4" conditionals="10" coveredconditionals="8" methods="1" coveredmethods="1"/>
        <line num="7" count="4" type="cond" truecount="1" falsecount="1"/>
        <line num="8" count="4" type="cond" truecount="1" falsecount="1"/>
        <line num="10" count="4" type="stmt"/>
        <line num="31" count="2" type="stmt"/>
      </file>
    </package>
    <package name="util">
      <metrics statements="7" coveredstatements="7" conditionals="7" coveredconditionals="6" methods="2" coveredmethods="2"/>
      <file name="formattedDate.jsx" path="/home/diegosouza/projetos/desafio-frontend-neoway/src/util/formattedDate.jsx">
        <metrics statements="3" coveredstatements="3" conditionals="2" coveredconditionals="1" methods="1" coveredmethods="1"/>
        <line num="2" count="5" type="cond" truecount="1" falsecount="1"/>
        <line num="4" count="5" type="stmt"/>
        <line num="5" count="5" type="stmt"/>
      </file>
      <file name="formattedText.jsx" path="/home/diegosouza/projetos/desafio-frontend-neoway/src/util/formattedText.jsx">
        <metrics statements="4" coveredstatements="4" conditionals="5" coveredconditionals="5" methods="1" coveredmethods="1"/>
        <line num="2" count="14" type="cond" truecount="4" falsecount="0"/>
        <line num="3" count="3" type="stmt"/>
        <line num="4" count="3" type="stmt"/>
        <line num="5" count="3" type="stmt"/>
      </file>
    </package>
  </project>
</coverage>
