{"/home/diegosouza/projetos/desafio-frontend-neoway/src/componets/Breadcrumb/Breadcrumb.jsx": {"path":"/home/diegosouza/projetos/desafio-frontend-neoway/src/componets/Breadcrumb/Breadcrumb.jsx","statementMap":{"0":{"start":{"line":7,"column":25},"end":{"line":7,"column":49}},"1":{"start":{"line":9,"column":2},"end":{"line":14,"column":4}},"2":{"start":{"line":17,"column":0},"end":{"line":20,"column":2}}},"fnMap":{"0":{"name":"Breadcrumb","decl":{"start":{"line":6,"column":24},"end":{"line":6,"column":34}},"loc":{"start":{"line":6,"column":57},"end":{"line":15,"column":1}},"line":6}},"branchMap":{},"s":{"0":7,"1":7,"2":2},"f":{"0":7},"b":{},"_coverageSchema":"1a1c01bbd47fc00a2c39e90264f33305004495a9","hash":"d2d3a3e26dcc171858780f3e9918617315c0c70b"}
,"/home/diegosouza/projetos/desafio-frontend-neoway/src/componets/Card/Card.jsx": {"path":"/home/diegosouza/projetos/desafio-frontend-neoway/src/componets/Card/Card.jsx","statementMap":{"0":{"start":{"line":12,"column":16},"end":{"line":12,"column":45}},"1":{"start":{"line":13,"column":19},"end":{"line":13,"column":32}},"2":{"start":{"line":15,"column":22},"end":{"line":17,"column":3}},"3":{"start":{"line":16,"column":4},"end":{"line":16,"column":35}},"4":{"start":{"line":19,"column":27},"end":{"line":22,"column":3}},"5":{"start":{"line":20,"column":4},"end":{"line":20,"column":23}},"6":{"start":{"line":21,"column":4},"end":{"line":21,"column":36}},"7":{"start":{"line":24,"column":2},"end":{"line":62,"column":4}},"8":{"start":{"line":65,"column":0},"end":{"line":67,"column":2}}},"fnMap":{"0":{"name":"Card","decl":{"start":{"line":11,"column":24},"end":{"line":11,"column":28}},"loc":{"start":{"line":11,"column":42},"end":{"line":63,"column":1}},"line":11},"1":{"name":"(anonymous_1)","decl":{"start":{"line":15,"column":22},"end":{"line":15,"column":23}},"loc":{"start":{"line":15,"column":28},"end":{"line":17,"column":3}},"line":15},"2":{"name":"(anonymous_2)","decl":{"start":{"line":19,"column":27},"end":{"line":19,"column":28}},"loc":{"start":{"line":19,"column":34},"end":{"line":22,"column":3}},"line":19}},"branchMap":{"0":{"loc":{"start":{"line":46,"column":11},"end":{"line":58,"column":11}},"type":"cond-expr","locations":[{"start":{"line":47,"column":12},"end":{"line":51,"column":15}},{"start":{"line":53,"column":12},"end":{"line":57,"column":15}}],"line":46}},"s":{"0":3,"1":3,"2":3,"3":2,"4":3,"5":1,"6":1,"7":3,"8":1},"f":{"0":3,"1":2,"2":1},"b":{"0":[0,3]},"_coverageSchema":"1a1c01bbd47fc00a2c39e90264f33305004495a9","hash":"8076028fdc781cbcf0ff1a887af0943e7a5e42c9"}
,"/home/diegosouza/projetos/desafio-frontend-neoway/src/componets/Hero/Hero.jsx": {"path":"/home/diegosouza/projetos/desafio-frontend-neoway/src/componets/Hero/Hero.jsx","statementMap":{"0":{"start":{"line":13,"column":2},"end":{"line":32,"column":4}},"1":{"start":{"line":35,"column":0},"end":{"line":41,"column":2}}},"fnMap":{"0":{"name":"Hero","decl":{"start":{"line":6,"column":24},"end":{"line":6,"column":28}},"loc":{"start":{"line":12,"column":3},"end":{"line":33,"column":1}},"line":12}},"branchMap":{},"s":{"0":1,"1":1},"f":{"0":1},"b":{},"_coverageSchema":"1a1c01bbd47fc00a2c39e90264f33305004495a9","hash":"f99943c6eb60f71240ddafe6c8dc33f9558ae0d7"}
,"/home/diegosouza/projetos/desafio-frontend-neoway/src/componets/OrderBy/OrderBy.jsx": {"path":"/home/diegosouza/projetos/desafio-frontend-neoway/src/componets/OrderBy/OrderBy.jsx","statementMap":{"0":{"start":{"line":8,"column":30},"end":{"line":8,"column":48}},"1":{"start":{"line":9,"column":19},"end":{"line":9,"column":32}},"2":{"start":{"line":10,"column":19},"end":{"line":10,"column":69}},"3":{"start":{"line":10,"column":48},"end":{"line":10,"column":68}},"4":{"start":{"line":12,"column":23},"end":{"line":20,"column":3}},"5":{"start":{"line":13,"column":4},"end":{"line":13,"column":30}},"6":{"start":{"line":13,"column":23},"end":{"line":13,"column":30}},"7":{"start":{"line":15,"column":4},"end":{"line":15,"column":28}},"8":{"start":{"line":16,"column":4},"end":{"line":17,"column":75}},"9":{"start":{"line":17,"column":6},"end":{"line":17,"column":75}},"10":{"start":{"line":19,"column":4},"end":{"line":19,"column":73}},"11":{"start":{"line":22,"column":2},"end":{"line":41,"column":4}},"12":{"start":{"line":44,"column":0},"end":{"line":46,"column":2}}},"fnMap":{"0":{"name":"OrderBy","decl":{"start":{"line":7,"column":24},"end":{"line":7,"column":31}},"loc":{"start":{"line":7,"column":44},"end":{"line":42,"column":1}},"line":7},"1":{"name":"(anonymous_1)","decl":{"start":{"line":10,"column":31},"end":{"line":10,"column":32}},"loc":{"start":{"line":10,"column":48},"end":{"line":10,"column":68}},"line":10},"2":{"name":"(anonymous_2)","decl":{"start":{"line":12,"column":23},"end":{"line":12,"column":24}},"loc":{"start":{"line":12,"column":39},"end":{"line":20,"column":3}},"line":12}},"branchMap":{"0":{"loc":{"start":{"line":13,"column":4},"end":{"line":13,"column":30}},"type":"if","locations":[{"start":{"line":13,"column":4},"end":{"line":13,"column":30}},{"start":{},"end":{}}],"line":13},"1":{"loc":{"start":{"line":16,"column":4},"end":{"line":17,"column":75}},"type":"if","locations":[{"start":{"line":16,"column":4},"end":{"line":17,"column":75}},{"start":{},"end":{}}],"line":16}},"s":{"0":5,"1":5,"2":5,"3":0,"4":5,"5":2,"6":0,"7":2,"8":2,"9":1,"10":1,"11":5,"12":1},"f":{"0":5,"1":0,"2":2},"b":{"0":[0,2],"1":[1,1]},"_coverageSchema":"1a1c01bbd47fc00a2c39e90264f33305004495a9","hash":"1a4c59ae45f02e4cd01f532d7a5694d81783ad95"}
,"/home/diegosouza/projetos/desafio-frontend-neoway/src/componets/PostInfo/PostInfo.jsx": {"path":"/home/diegosouza/projetos/desafio-frontend-neoway/src/componets/PostInfo/PostInfo.jsx","statementMap":{"0":{"start":{"line":7,"column":18},"end":{"line":7,"column":52}},"1":{"start":{"line":8,"column":26},"end":{"line":8,"column":59}},"2":{"start":{"line":10,"column":2},"end":{"line":28,"column":4}},"3":{"start":{"line":31,"column":0},"end":{"line":36,"column":2}}},"fnMap":{"0":{"name":"PostInfo","decl":{"start":{"line":6,"column":24},"end":{"line":6,"column":32}},"loc":{"start":{"line":6,"column":76},"end":{"line":29,"column":1}},"line":6}},"branchMap":{"0":{"loc":{"start":{"line":7,"column":18},"end":{"line":7,"column":52}},"type":"binary-expr","locations":[{"start":{"line":7,"column":18},"end":{"line":7,"column":44}},{"start":{"line":7,"column":48},"end":{"line":7,"column":52}}],"line":7},"1":{"loc":{"start":{"line":8,"column":26},"end":{"line":8,"column":59}},"type":"binary-expr","locations":[{"start":{"line":8,"column":26},"end":{"line":8,"column":51}},{"start":{"line":8,"column":55},"end":{"line":8,"column":59}}],"line":8},"2":{"loc":{"start":{"line":12,"column":7},"end":{"line":16,"column":7}},"type":"binary-expr","locations":[{"start":{"line":12,"column":7},"end":{"line":12,"column":14}},{"start":{"line":13,"column":8},"end":{"line":15,"column":15}}],"line":12},"3":{"loc":{"start":{"line":17,"column":7},"end":{"line":21,"column":7}},"type":"binary-expr","locations":[{"start":{"line":17,"column":7},"end":{"line":17,"column":22}},{"start":{"line":18,"column":8},"end":{"line":20,"column":15}}],"line":17},"4":{"loc":{"start":{"line":22,"column":7},"end":{"line":26,"column":7}},"type":"binary-expr","locations":[{"start":{"line":22,"column":7},"end":{"line":22,"column":12}},{"start":{"line":23,"column":8},"end":{"line":25,"column":15}}],"line":22}},"s":{"0":8,"1":8,"2":8,"3":3},"f":{"0":8},"b":{"0":[8,2],"1":[8,2],"2":[8,6],"3":[8,6],"4":[8,3]},"_coverageSchema":"1a1c01bbd47fc00a2c39e90264f33305004495a9","hash":"15c2fb66887c012290c9d7ef9714a1e41f7662e4"}
,"/home/diegosouza/projetos/desafio-frontend-neoway/src/componets/SearchBar/SearchBar.jsx": {"path":"/home/diegosouza/projetos/desafio-frontend-neoway/src/componets/SearchBar/SearchBar.jsx","statementMap":{"0":{"start":{"line":7,"column":21},"end":{"line":11,"column":1}},"1":{"start":{"line":14,"column":28},"end":{"line":14,"column":56}},"2":{"start":{"line":15,"column":19},"end":{"line":15,"column":32}},"3":{"start":{"line":18,"column":4},"end":{"line":18,"column":23}},"4":{"start":{"line":19,"column":4},"end":{"line":19,"column":35}},"5":{"start":{"line":20,"column":4},"end":{"line":20,"column":34}},"6":{"start":{"line":23,"column":2},"end":{"line":79,"column":4}},"7":{"start":{"line":34,"column":12},"end":{"line":34,"column":62}},"8":{"start":{"line":34,"column":32},"end":{"line":34,"column":60}},"9":{"start":{"line":47,"column":12},"end":{"line":49,"column":14}},"10":{"start":{"line":48,"column":14},"end":{"line":48,"column":57}},"11":{"start":{"line":66,"column":12},"end":{"line":68,"column":14}},"12":{"start":{"line":67,"column":14},"end":{"line":67,"column":55}}},"fnMap":{"0":{"name":"SearchBar","decl":{"start":{"line":13,"column":24},"end":{"line":13,"column":33}},"loc":{"start":{"line":13,"column":36},"end":{"line":80,"column":1}},"line":13},"1":{"name":"handleSubmit","decl":{"start":{"line":17,"column":11},"end":{"line":17,"column":23}},"loc":{"start":{"line":17,"column":27},"end":{"line":21,"column":3}},"line":17},"2":{"name":"(anonymous_2)","decl":{"start":{"line":33,"column":20},"end":{"line":33,"column":21}},"loc":{"start":{"line":34,"column":12},"end":{"line":34,"column":62}},"line":34},"3":{"name":"(anonymous_3)","decl":{"start":{"line":34,"column":21},"end":{"line":34,"column":22}},"loc":{"start":{"line":34,"column":32},"end":{"line":34,"column":60}},"line":34},"4":{"name":"(anonymous_4)","decl":{"start":{"line":46,"column":20},"end":{"line":46,"column":21}},"loc":{"start":{"line":47,"column":12},"end":{"line":49,"column":14}},"line":47},"5":{"name":"(anonymous_5)","decl":{"start":{"line":47,"column":21},"end":{"line":47,"column":22}},"loc":{"start":{"line":47,"column":31},"end":{"line":49,"column":13}},"line":47},"6":{"name":"(anonymous_6)","decl":{"start":{"line":65,"column":20},"end":{"line":65,"column":21}},"loc":{"start":{"line":66,"column":12},"end":{"line":68,"column":14}},"line":66},"7":{"name":"(anonymous_7)","decl":{"start":{"line":66,"column":21},"end":{"line":66,"column":22}},"loc":{"start":{"line":66,"column":31},"end":{"line":68,"column":13}},"line":66}},"branchMap":{},"s":{"0":1,"1":5,"2":5,"3":1,"4":1,"5":1,"6":5,"7":1,"8":1,"9":1,"10":1,"11":1,"12":1},"f":{"0":5,"1":1,"2":1,"3":1,"4":1,"5":1,"6":1,"7":1},"b":{},"_coverageSchema":"1a1c01bbd47fc00a2c39e90264f33305004495a9","hash":"b7af510e95ddafbe67301f791c1b34049dd47dc9"}
,"/home/diegosouza/projetos/desafio-frontend-neoway/src/util/formattedDate.jsx": {"path":"/home/diegosouza/projetos/desafio-frontend-neoway/src/util/formattedDate.jsx","statementMap":{"0":{"start":{"line":2,"column":2},"end":{"line":2,"column":20}},"1":{"start":{"line":2,"column":13},"end":{"line":2,"column":20}},"2":{"start":{"line":4,"column":18},"end":{"line":4,"column":57}},"3":{"start":{"line":5,"column":2},"end":{"line":5,"column":17}}},"fnMap":{"0":{"name":"formattedDate","decl":{"start":{"line":1,"column":24},"end":{"line":1,"column":37}},"loc":{"start":{"line":1,"column":44},"end":{"line":6,"column":1}},"line":1}},"branchMap":{"0":{"loc":{"start":{"line":2,"column":2},"end":{"line":2,"column":20}},"type":"if","locations":[{"start":{"line":2,"column":2},"end":{"line":2,"column":20}},{"start":{},"end":{}}],"line":2}},"s":{"0":10,"1":2,"2":8,"3":8},"f":{"0":10},"b":{"0":[2,8]},"_coverageSchema":"1a1c01bbd47fc00a2c39e90264f33305004495a9","hash":"4c603df4d0c338c49964a39197837fb18880208c"}
,"/home/diegosouza/projetos/desafio-frontend-neoway/src/util/formattedText.jsx": {"path":"/home/diegosouza/projetos/desafio-frontend-neoway/src/util/formattedText.jsx","statementMap":{"0":{"start":{"line":2,"column":2},"end":{"line":2,"column":48}},"1":{"start":{"line":2,"column":36},"end":{"line":2,"column":48}},"2":{"start":{"line":3,"column":22},"end":{"line":3,"column":46}},"3":{"start":{"line":4,"column":2},"end":{"line":4,"column":40}},"4":{"start":{"line":5,"column":2},"end":{"line":5,"column":23}}},"fnMap":{"0":{"name":"formattedText","decl":{"start":{"line":1,"column":24},"end":{"line":1,"column":37}},"loc":{"start":{"line":1,"column":56},"end":{"line":6,"column":1}},"line":1}},"branchMap":{"0":{"loc":{"start":{"line":1,"column":44},"end":{"line":1,"column":54}},"type":"default-arg","locations":[{"start":{"line":1,"column":52},"end":{"line":1,"column":54}}],"line":1},"1":{"loc":{"start":{"line":2,"column":2},"end":{"line":2,"column":48}},"type":"if","locations":[{"start":{"line":2,"column":2},"end":{"line":2,"column":48}},{"start":{},"end":{}}],"line":2},"2":{"loc":{"start":{"line":2,"column":6},"end":{"line":2,"column":34}},"type":"binary-expr","locations":[{"start":{"line":2,"column":6},"end":{"line":2,"column":11}},{"start":{"line":2,"column":15},"end":{"line":2,"column":34}}],"line":2}},"s":{"0":22,"1":19,"2":3,"3":3,"4":3},"f":{"0":22},"b":{"0":[6],"1":[19,3],"2":[22,20]},"_coverageSchema":"1a1c01bbd47fc00a2c39e90264f33305004495a9","hash":"a2106459b75cbb32d5fdc522874eadeba63a4939"}
}
