{"/home/diegosouza/projetos/desafio-frontend-neoway/src/componets/Breadcrumb/Breadcrumb.jsx": {"path":"/home/diegosouza/projetos/desafio-frontend-neoway/src/componets/Breadcrumb/Breadcrumb.jsx","statementMap":{"0":{"start":{"line":7,"column":25},"end":{"line":7,"column":49}},"1":{"start":{"line":9,"column":2},"end":{"line":14,"column":4}},"2":{"start":{"line":17,"column":0},"end":{"line":20,"column":2}}},"fnMap":{"0":{"name":"Breadcrumb","decl":{"start":{"line":6,"column":24},"end":{"line":6,"column":34}},"loc":{"start":{"line":6,"column":57},"end":{"line":15,"column":1}},"line":6}},"branchMap":{},"s":{"0":7,"1":7,"2":2},"f":{"0":7},"b":{},"_coverageSchema":"1a1c01bbd47fc00a2c39e90264f33305004495a9","hash":"d2d3a3e26dcc171858780f3e9918617315c0c70b"}
,"/home/diegosouza/projetos/desafio-frontend-neoway/src/componets/Hero/Hero.jsx": {"path":"/home/diegosouza/projetos/desafio-frontend-neoway/src/componets/Hero/Hero.jsx","statementMap":{"0":{"start":{"line":13,"column":2},"end":{"line":32,"column":4}},"1":{"start":{"line":35,"column":0},"end":{"line":41,"column":2}}},"fnMap":{"0":{"name":"Hero","decl":{"start":{"line":6,"column":24},"end":{"line":6,"column":28}},"loc":{"start":{"line":12,"column":3},"end":{"line":33,"column":1}},"line":12}},"branchMap":{},"s":{"0":1,"1":1},"f":{"0":1},"b":{},"_coverageSchema":"1a1c01bbd47fc00a2c39e90264f33305004495a9","hash":"f99943c6eb60f71240ddafe6c8dc33f9558ae0d7"}
,"/home/diegosouza/projetos/desafio-frontend-neoway/src/componets/PostInfo/PostInfo.jsx": {"path":"/home/diegosouza/projetos/desafio-frontend-neoway/src/componets/PostInfo/PostInfo.jsx","statementMap":{"0":{"start":{"line":7,"column":18},"end":{"line":7,"column":52}},"1":{"start":{"line":8,"column":26},"end":{"line":8,"column":59}},"2":{"start":{"line":10,"column":2},"end":{"line":28,"column":4}},"3":{"start":{"line":31,"column":0},"end":{"line":36,"column":2}}},"fnMap":{"0":{"name":"PostInfo","decl":{"start":{"line":6,"column":24},"end":{"line":6,"column":32}},"loc":{"start":{"line":6,"column":76},"end":{"line":29,"column":1}},"line":6}},"branchMap":{"0":{"loc":{"start":{"line":7,"column":18},"end":{"line":7,"column":52}},"type":"binary-expr","locations":[{"start":{"line":7,"column":18},"end":{"line":7,"column":44}},{"start":{"line":7,"column":48},"end":{"line":7,"column":52}}],"line":7},"1":{"loc":{"start":{"line":8,"column":26},"end":{"line":8,"column":59}},"type":"binary-expr","locations":[{"start":{"line":8,"column":26},"end":{"line":8,"column":51}},{"start":{"line":8,"column":55},"end":{"line":8,"column":59}}],"line":8},"2":{"loc":{"start":{"line":12,"column":7},"end":{"line":16,"column":7}},"type":"binary-expr","locations":[{"start":{"line":12,"column":7},"end":{"line":12,"column":14}},{"start":{"line":13,"column":8},"end":{"line":15,"column":15}}],"line":12},"3":{"loc":{"start":{"line":17,"column":7},"end":{"line":21,"column":7}},"type":"binary-expr","locations":[{"start":{"line":17,"column":7},"end":{"line":17,"column":22}},{"start":{"line":18,"column":8},"end":{"line":20,"column":15}}],"line":17},"4":{"loc":{"start":{"line":22,"column":7},"end":{"line":26,"column":7}},"type":"binary-expr","locations":[{"start":{"line":22,"column":7},"end":{"line":22,"column":12}},{"start":{"line":23,"column":8},"end":{"line":25,"column":15}}],"line":22}},"s":{"0":4,"1":4,"2":4,"3":2},"f":{"0":4},"b":{"0":[4,0],"1":[4,0],"2":[4,4],"3":[4,4],"4":[4,3]},"_coverageSchema":"1a1c01bbd47fc00a2c39e90264f33305004495a9","hash":"15c2fb66887c012290c9d7ef9714a1e41f7662e4"}
,"/home/diegosouza/projetos/desafio-frontend-neoway/src/util/formattedDate.jsx": {"path":"/home/diegosouza/projetos/desafio-frontend-neoway/src/util/formattedDate.jsx","statementMap":{"0":{"start":{"line":2,"column":2},"end":{"line":2,"column":20}},"1":{"start":{"line":2,"column":13},"end":{"line":2,"column":20}},"2":{"start":{"line":4,"column":18},"end":{"line":4,"column":57}},"3":{"start":{"line":5,"column":2},"end":{"line":5,"column":17}}},"fnMap":{"0":{"name":"formattedDate","decl":{"start":{"line":1,"column":24},"end":{"line":1,"column":37}},"loc":{"start":{"line":1,"column":44},"end":{"line":6,"column":1}},"line":1}},"branchMap":{"0":{"loc":{"start":{"line":2,"column":2},"end":{"line":2,"column":20}},"type":"if","locations":[{"start":{"line":2,"column":2},"end":{"line":2,"column":20}},{"start":{},"end":{}}],"line":2}},"s":{"0":5,"1":0,"2":5,"3":5},"f":{"0":5},"b":{"0":[0,5]},"_coverageSchema":"1a1c01bbd47fc00a2c39e90264f33305004495a9","hash":"4c603df4d0c338c49964a39197837fb18880208c"}
,"/home/diegosouza/projetos/desafio-frontend-neoway/src/util/formattedText.jsx": {"path":"/home/diegosouza/projetos/desafio-frontend-neoway/src/util/formattedText.jsx","statementMap":{"0":{"start":{"line":2,"column":2},"end":{"line":2,"column":48}},"1":{"start":{"line":2,"column":36},"end":{"line":2,"column":48}},"2":{"start":{"line":3,"column":22},"end":{"line":3,"column":46}},"3":{"start":{"line":4,"column":2},"end":{"line":4,"column":40}},"4":{"start":{"line":5,"column":2},"end":{"line":5,"column":23}}},"fnMap":{"0":{"name":"formattedText","decl":{"start":{"line":1,"column":24},"end":{"line":1,"column":37}},"loc":{"start":{"line":1,"column":56},"end":{"line":6,"column":1}},"line":1}},"branchMap":{"0":{"loc":{"start":{"line":1,"column":44},"end":{"line":1,"column":54}},"type":"default-arg","locations":[{"start":{"line":1,"column":52},"end":{"line":1,"column":54}}],"line":1},"1":{"loc":{"start":{"line":2,"column":2},"end":{"line":2,"column":48}},"type":"if","locations":[{"start":{"line":2,"column":2},"end":{"line":2,"column":48}},{"start":{},"end":{}}],"line":2},"2":{"loc":{"start":{"line":2,"column":6},"end":{"line":2,"column":34}},"type":"binary-expr","locations":[{"start":{"line":2,"column":6},"end":{"line":2,"column":11}},{"start":{"line":2,"column":15},"end":{"line":2,"column":34}}],"line":2}},"s":{"0":14,"1":11,"2":3,"3":3,"4":3},"f":{"0":14},"b":{"0":[2],"1":[11,3],"2":[14,14]},"_coverageSchema":"1a1c01bbd47fc00a2c39e90264f33305004495a9","hash":"a2106459b75cbb32d5fdc522874eadeba63a4939"}
}
