TN:
SF:src/componets/Breadcrumb/Breadcrumb.jsx
FN:6,Breadcrumb
FNF:1
FNH:1
FNDA:7,Breadcrumb
DA:7,7
DA:9,7
DA:17,2
LF:3
LH:3
BRF:0
BRH:0
end_of_record
TN:
SF:src/componets/Hero/Hero.jsx
FN:6,Hero
FNF:1
FNH:1
FNDA:1,Hero
DA:13,1
DA:35,1
LF:2
LH:2
BRF:0
BRH:0
end_of_record
TN:
SF:src/componets/PostInfo/PostInfo.jsx
FN:6,PostInfo
FNF:1
FNH:1
FNDA:4,PostInfo
DA:7,4
DA:8,4
DA:10,4
DA:31,2
LF:4
LH:4
BRDA:7,0,0,4
BRDA:7,0,1,0
BRDA:8,1,0,4
BRDA:8,1,1,0
BRDA:12,2,0,4
BRDA:12,2,1,4
BRDA:17,3,0,4
BRDA:17,3,1,4
BRDA:22,4,0,4
BRDA:22,4,1,3
BRF:10
BRH:8
end_of_record
TN:
SF:src/util/formattedDate.jsx
FN:1,formattedDate
FNF:1
FNH:1
FNDA:5,formattedDate
DA:2,5
DA:4,5
DA:5,5
LF:3
LH:3
BRDA:2,0,0,0
BRDA:2,0,1,5
BRF:2
BRH:1
end_of_record
TN:
SF:src/util/formattedText.jsx
FN:1,formattedText
FNF:1
FNH:1
FNDA:14,formattedText
DA:2,14
DA:3,3
DA:4,3
DA:5,3
LF:4
LH:4
BRDA:1,0,0,2
BRDA:2,1,0,11
BRDA:2,1,1,3
BRDA:2,2,0,14
BRDA:2,2,1,14
BRF:5
BRH:5
end_of_record
