TN:
SF:src/componets/Breadcrumb/Breadcrumb.jsx
FN:6,Breadcrumb
FNF:1
FNH:1
FNDA:7,Breadcrumb
DA:7,7
DA:9,7
DA:17,2
LF:3
LH:3
BRF:0
BRH:0
end_of_record
TN:
SF:src/componets/Card/Card.jsx
FN:11,Card
FN:15,(anonymous_1)
FN:19,(anonymous_2)
FNF:3
FNH:3
FNDA:3,Card
FNDA:2,(anonymous_1)
FNDA:1,(anonymous_2)
DA:12,3
DA:13,3
DA:15,3
DA:16,2
DA:19,3
DA:20,1
DA:21,1
DA:24,3
DA:65,1
LF:9
LH:9
BRDA:46,0,0,0
BRDA:46,0,1,3
BRF:2
BRH:1
end_of_record
TN:
SF:src/componets/Hero/Hero.jsx
FN:6,Hero
FNF:1
FNH:1
FNDA:1,Hero
DA:13,1
DA:35,1
LF:2
LH:2
BRF:0
BRH:0
end_of_record
TN:
SF:src/componets/OrderBy/OrderBy.jsx
FN:7,OrderBy
FN:10,(anonymous_1)
FN:12,(anonymous_2)
FNF:3
FNH:2
FNDA:5,OrderBy
FNDA:0,(anonymous_1)
FNDA:2,(anonymous_2)
DA:8,5
DA:9,5
DA:10,5
DA:12,5
DA:13,2
DA:15,2
DA:16,2
DA:17,1
DA:19,1
DA:22,5
DA:44,1
LF:11
LH:11
BRDA:13,0,0,0
BRDA:13,0,1,2
BRDA:16,1,0,1
BRDA:16,1,1,1
BRF:4
BRH:3
end_of_record
TN:
SF:src/componets/PostInfo/PostInfo.jsx
FN:6,PostInfo
FNF:1
FNH:1
FNDA:8,PostInfo
DA:7,8
DA:8,8
DA:10,8
DA:31,3
LF:4
LH:4
BRDA:7,0,0,8
BRDA:7,0,1,2
BRDA:8,1,0,8
BRDA:8,1,1,2
BRDA:12,2,0,8
BRDA:12,2,1,6
BRDA:17,3,0,8
BRDA:17,3,1,6
BRDA:22,4,0,8
BRDA:22,4,1,3
BRF:10
BRH:10
end_of_record
TN:
SF:src/componets/SearchBar/SearchBar.jsx
FN:13,SearchBar
FN:17,handleSubmit
FN:33,(anonymous_2)
FN:34,(anonymous_3)
FN:46,(anonymous_4)
FN:47,(anonymous_5)
FN:65,(anonymous_6)
FN:66,(anonymous_7)
FNF:8
FNH:8
FNDA:5,SearchBar
FNDA:1,handleSubmit
FNDA:1,(anonymous_2)
FNDA:1,(anonymous_3)
FNDA:1,(anonymous_4)
FNDA:1,(anonymous_5)
FNDA:1,(anonymous_6)
FNDA:1,(anonymous_7)
DA:7,1
DA:14,5
DA:15,5
DA:18,1
DA:19,1
DA:20,1
DA:23,5
DA:34,1
DA:47,1
DA:48,1
DA:66,1
DA:67,1
LF:12
LH:12
BRF:0
BRH:0
end_of_record
TN:
SF:src/util/formattedDate.jsx
FN:1,formattedDate
FNF:1
FNH:1
FNDA:10,formattedDate
DA:2,10
DA:4,8
DA:5,8
LF:3
LH:3
BRDA:2,0,0,2
BRDA:2,0,1,8
BRF:2
BRH:2
end_of_record
TN:
SF:src/util/formattedText.jsx
FN:1,formattedText
FNF:1
FNH:1
FNDA:22,formattedText
DA:2,22
DA:3,3
DA:4,3
DA:5,3
LF:4
LH:4
BRDA:1,0,0,6
BRDA:2,1,0,19
BRDA:2,1,1,3
BRDA:2,2,0,22
BRDA:2,2,1,20
BRF:5
BRH:5
end_of_record
